0 info it worked if it ends with ok
1 verbose cli [ 'D:\\JSWORK\\nodejs\\node.exe',
1 verbose cli   'D:\\JSWORK\\nodejs\\node_modules\\npm\\bin\\npm-cli.js',
1 verbose cli   '--registry=http://r.cnpmjs.org',
1 verbose cli   'install',
1 verbose cli   'nodejieba' ]
2 info using npm@3.10.9
3 info using node@v6.9.2
4 silly loadCurrentTree Starting
5 silly install loadCurrentTree
6 silly install readLocalPackageData
7 silly fetchPackageMetaData nodejieba
8 silly fetchNamedPackageData nodejieba
9 silly mapToRegistry name nodejieba
10 silly mapToRegistry using default registry
11 silly mapToRegistry registry http://r.cnpmjs.org/
12 silly mapToRegistry data Result {
12 silly mapToRegistry   raw: 'nodejieba',
12 silly mapToRegistry   scope: null,
12 silly mapToRegistry   escapedName: 'nodejieba',
12 silly mapToRegistry   name: 'nodejieba',
12 silly mapToRegistry   rawSpec: '',
12 silly mapToRegistry   spec: 'latest',
12 silly mapToRegistry   type: 'tag' }
13 silly mapToRegistry uri http://r.cnpmjs.org/nodejieba
14 verbose request uri http://r.cnpmjs.org/nodejieba
15 verbose request no auth needed
16 info attempt registry request try #1 at 17:13:10
17 verbose request id 01cb37917c01bcb4
18 http request GET http://r.cnpmjs.org/nodejieba
19 http 200 http://r.cnpmjs.org/nodejieba
20 verbose headers { server: 'nginx/1.4.6 (Ubuntu)',
20 verbose headers   date: 'Sun, 25 Dec 2016 09:12:48 GMT',
20 verbose headers   'content-type': 'application/json; charset=utf-8',
20 verbose headers   'transfer-encoding': 'chunked',
20 verbose headers   connection: 'keep-alive',
20 verbose headers   'x-current-requests': '1',
20 verbose headers   'x-readtime': '156',
20 verbose headers   'strict-transport-security': 'max-age=15768000',
20 verbose headers   'content-encoding': 'gzip' }
21 silly get cb [ 200,
21 silly get   { server: 'nginx/1.4.6 (Ubuntu)',
21 silly get     date: 'Sun, 25 Dec 2016 09:12:48 GMT',
21 silly get     'content-type': 'application/json; charset=utf-8',
21 silly get     'transfer-encoding': 'chunked',
21 silly get     connection: 'keep-alive',
21 silly get     'x-current-requests': '1',
21 silly get     'x-readtime': '156',
21 silly get     'strict-transport-security': 'max-age=15768000',
21 silly get     'content-encoding': 'gzip' } ]
22 verbose get saving nodejieba to C:\Users\周炜\AppData\Roaming\npm-cache\r.cnpmjs.org\nodejieba\.cache.json
23 verbose correctMkdir C:\Users\周炜\AppData\Roaming\npm-cache correctMkdir not in flight; initializing
24 silly install normalizeTree
25 silly loadCurrentTree Finishing
26 silly loadIdealTree Starting
27 silly install loadIdealTree
28 silly cloneCurrentTree Starting
29 silly install cloneCurrentTreeToIdealTree
30 silly cloneCurrentTree Finishing
31 silly loadShrinkwrap Starting
32 silly install loadShrinkwrap
33 silly loadShrinkwrap Finishing
34 silly loadAllDepsIntoIdealTree Starting
35 silly install loadAllDepsIntoIdealTree
36 silly resolveWithNewModule nodejieba@2.2.4 checking installable status
37 silly cache add args [ 'nodejieba', null ]
38 verbose cache add spec nodejieba
39 silly cache add parsed spec Result {
39 silly cache add   raw: 'nodejieba',
39 silly cache add   scope: null,
39 silly cache add   escapedName: 'nodejieba',
39 silly cache add   name: 'nodejieba',
39 silly cache add   rawSpec: '',
39 silly cache add   spec: 'latest',
39 silly cache add   type: 'tag' }
40 silly addNamed nodejieba@latest
41 verbose addNamed "latest" is being treated as a dist-tag for nodejieba
42 info addNameTag [ 'nodejieba', 'latest' ]
43 silly mapToRegistry name nodejieba
44 silly mapToRegistry using default registry
45 silly mapToRegistry registry http://r.cnpmjs.org/
46 silly mapToRegistry data Result {
46 silly mapToRegistry   raw: 'nodejieba',
46 silly mapToRegistry   scope: null,
46 silly mapToRegistry   escapedName: 'nodejieba',
46 silly mapToRegistry   name: 'nodejieba',
46 silly mapToRegistry   rawSpec: '',
46 silly mapToRegistry   spec: 'latest',
46 silly mapToRegistry   type: 'tag' }
47 silly mapToRegistry uri http://r.cnpmjs.org/nodejieba
48 verbose addNameTag registry:http://r.cnpmjs.org/nodejieba not in flight; fetching
49 verbose get http://r.cnpmjs.org/nodejieba not expired, no request
50 silly addNameTag next cb for nodejieba with tag latest
51 silly addNamed nodejieba@2.2.4
52 verbose addNamed "2.2.4" is a plain semver version for nodejieba
53 silly cache afterAdd nodejieba@2.2.4
54 verbose afterAdd C:\Users\周炜\AppData\Roaming\npm-cache\nodejieba\2.2.4\package\package.json not in flight; writing
55 verbose correctMkdir C:\Users\周炜\AppData\Roaming\npm-cache correctMkdir not in flight; initializing
56 verbose afterAdd C:\Users\周炜\AppData\Roaming\npm-cache\nodejieba\2.2.4\package\package.json written
57 silly fetchNamedPackageData nan
58 silly mapToRegistry name nan
59 silly mapToRegistry using default registry
60 silly mapToRegistry registry http://r.cnpmjs.org/
61 silly mapToRegistry data Result {
61 silly mapToRegistry   raw: 'nan',
61 silly mapToRegistry   scope: null,
61 silly mapToRegistry   escapedName: 'nan',
61 silly mapToRegistry   name: 'nan',
61 silly mapToRegistry   rawSpec: '',
61 silly mapToRegistry   spec: 'latest',
61 silly mapToRegistry   type: 'tag' }
62 silly mapToRegistry uri http://r.cnpmjs.org/nan
63 verbose request uri http://r.cnpmjs.org/nan
64 verbose request no auth needed
65 info attempt registry request try #1 at 17:13:11
66 http request GET http://r.cnpmjs.org/nan
67 http 200 http://r.cnpmjs.org/nan
68 verbose headers { server: 'nginx/1.4.6 (Ubuntu)',
68 verbose headers   date: 'Sun, 25 Dec 2016 09:12:48 GMT',
68 verbose headers   'content-type': 'application/json; charset=utf-8',
68 verbose headers   'transfer-encoding': 'chunked',
68 verbose headers   connection: 'keep-alive',
68 verbose headers   'x-current-requests': '1',
68 verbose headers   'x-readtime': '81',
68 verbose headers   'strict-transport-security': 'max-age=15768000',
68 verbose headers   'content-encoding': 'gzip' }
69 silly get cb [ 200,
69 silly get   { server: 'nginx/1.4.6 (Ubuntu)',
69 silly get     date: 'Sun, 25 Dec 2016 09:12:48 GMT',
69 silly get     'content-type': 'application/json; charset=utf-8',
69 silly get     'transfer-encoding': 'chunked',
69 silly get     connection: 'keep-alive',
69 silly get     'x-current-requests': '1',
69 silly get     'x-readtime': '81',
69 silly get     'strict-transport-security': 'max-age=15768000',
69 silly get     'content-encoding': 'gzip' } ]
70 verbose get saving nan to C:\Users\周炜\AppData\Roaming\npm-cache\r.cnpmjs.org\nan\.cache.json
71 verbose correctMkdir C:\Users\周炜\AppData\Roaming\npm-cache correctMkdir not in flight; initializing
72 silly resolveWithNewModule nan@2.3.5 checking installable status
73 silly cache add args [ 'nan@~2.3.0', null ]
74 verbose cache add spec nan@~2.3.0
75 silly cache add parsed spec Result {
75 silly cache add   raw: 'nan@~2.3.0',
75 silly cache add   scope: null,
75 silly cache add   escapedName: 'nan',
75 silly cache add   name: 'nan',
75 silly cache add   rawSpec: '~2.3.0',
75 silly cache add   spec: '>=2.3.0 <2.4.0',
75 silly cache add   type: 'range' }
76 silly addNamed nan@>=2.3.0 <2.4.0
77 verbose addNamed ">=2.3.0 <2.4.0" is a valid semver range for nan
78 silly addNameRange { name: 'nan', range: '>=2.3.0 <2.4.0', hasData: false }
79 silly mapToRegistry name nan
80 silly mapToRegistry using default registry
81 silly mapToRegistry registry http://r.cnpmjs.org/
82 silly mapToRegistry data Result {
82 silly mapToRegistry   raw: 'nan',
82 silly mapToRegistry   scope: null,
82 silly mapToRegistry   escapedName: 'nan',
82 silly mapToRegistry   name: 'nan',
82 silly mapToRegistry   rawSpec: '',
82 silly mapToRegistry   spec: 'latest',
82 silly mapToRegistry   type: 'tag' }
83 silly mapToRegistry uri http://r.cnpmjs.org/nan
84 verbose addNameRange registry:http://r.cnpmjs.org/nan not in flight; fetching
85 verbose get http://r.cnpmjs.org/nan not expired, no request
86 silly addNameRange number 2 { name: 'nan', range: '>=2.3.0 <2.4.0', hasData: true }
87 silly addNameRange versions [ 'nan',
87 silly addNameRange   [ '2.5.0',
87 silly addNameRange     '2.4.0',
87 silly addNameRange     '2.3.5',
87 silly addNameRange     '2.3.4',
87 silly addNameRange     '2.3.3',
87 silly addNameRange     '2.3.2',
87 silly addNameRange     '2.3.1',
87 silly addNameRange     '2.3.0',
87 silly addNameRange     '2.2.1',
87 silly addNameRange     '2.2.0',
87 silly addNameRange     '2.1.0',
87 silly addNameRange     '2.0.9',
87 silly addNameRange     '2.0.8',
87 silly addNameRange     '2.0.7',
87 silly addNameRange     '2.0.6',
87 silly addNameRange     '2.0.5',
87 silly addNameRange     '2.0.4',
87 silly addNameRange     '2.0.3',
87 silly addNameRange     '2.0.2',
87 silly addNameRange     '2.0.1',
87 silly addNameRange     '2.0.0',
87 silly addNameRange     '1.9.0',
87 silly addNameRange     '1.8.4',
87 silly addNameRange     '1.8.3',
87 silly addNameRange     '1.8.2',
87 silly addNameRange     '1.8.1',
87 silly addNameRange     '1.8.0',
87 silly addNameRange     '1.7.0',
87 silly addNameRange     '1.6.2',
87 silly addNameRange     '1.6.1',
87 silly addNameRange     '1.5.3',
87 silly addNameRange     '1.6.0',
87 silly addNameRange     '1.5.2',
87 silly addNameRange     '1.5.1',
87 silly addNameRange     '1.4.3',
87 silly addNameRange     '1.4.2',
87 silly addNameRange     '1.5.0',
87 silly addNameRange     '1.4.1',
87 silly addNameRange     '1.4.0',
87 silly addNameRange     '1.3.0',
87 silly addNameRange     '1.2.0',
87 silly addNameRange     '1.1.2',
87 silly addNameRange     '1.1.1',
87 silly addNameRange     '1.1.0',
87 silly addNameRange     '1.0.0',
87 silly addNameRange     '0.8.0',
87 silly addNameRange     '0.7.1',
87 silly addNameRange     '0.7.0',
87 silly addNameRange     '0.6.0',
87 silly addNameRange     '0.5.2',
87 silly addNameRange     '0.5.1',
87 silly addNameRange     '0.5.0',
87 silly addNameRange     '0.4.4',
87 silly addNameRange     '0.4.3',
87 silly addNameRange     '0.4.2',
87 silly addNameRange     '0.4.1',
87 silly addNameRange     '0.4.0',
87 silly addNameRange     '0.3.2',
87 silly addNameRange     '0.3.1',
87 silly addNameRange     '0.3.0',
87 silly addNameRange     '0.3.0-wip2',
87 silly addNameRange     '0.3.0-wip' ] ]
88 silly addNamed nan@2.3.5
89 verbose addNamed "2.3.5" is a plain semver version for nan
90 silly cache afterAdd nan@2.3.5
91 verbose afterAdd C:\Users\周炜\AppData\Roaming\npm-cache\nan\2.3.5\package\package.json not in flight; writing
92 verbose correctMkdir C:\Users\周炜\AppData\Roaming\npm-cache correctMkdir not in flight; initializing
93 verbose afterAdd C:\Users\周炜\AppData\Roaming\npm-cache\nan\2.3.5\package\package.json written
94 silly loadAllDepsIntoIdealTree Finishing
95 silly loadIdealTree Finishing
96 silly currentTree manual
96 silly currentTree +-- gitbook-plugin-codeblock-filename@0.0.9
96 silly currentTree +-- gitbook-plugin-disqus@0.1.0
96 silly currentTree `-- lodash@3.10.1
97 silly idealTree manual
97 silly idealTree +-- gitbook-plugin-codeblock-filename@0.0.9
97 silly idealTree +-- gitbook-plugin-disqus@0.1.0
97 silly idealTree +-- lodash@3.10.1
97 silly idealTree +-- nan@2.3.5
97 silly idealTree `-- nodejieba@2.2.4
98 silly generateActionsToTake Starting
99 silly install generateActionsToTake
100 silly generateActionsToTake Finishing
101 silly diffTrees action count 2
102 silly diffTrees add nan@2.3.5
103 silly diffTrees add nodejieba@2.2.4
104 silly decomposeActions action count 16
105 silly decomposeActions fetch nan@2.3.5
106 silly decomposeActions extract nan@2.3.5
107 silly decomposeActions test nan@2.3.5
108 silly decomposeActions preinstall nan@2.3.5
109 silly decomposeActions build nan@2.3.5
110 silly decomposeActions install nan@2.3.5
111 silly decomposeActions postinstall nan@2.3.5
112 silly decomposeActions finalize nan@2.3.5
113 silly decomposeActions fetch nodejieba@2.2.4
114 silly decomposeActions extract nodejieba@2.2.4
115 silly decomposeActions test nodejieba@2.2.4
116 silly decomposeActions preinstall nodejieba@2.2.4
117 silly decomposeActions build nodejieba@2.2.4
118 silly decomposeActions install nodejieba@2.2.4
119 silly decomposeActions postinstall nodejieba@2.2.4
120 silly decomposeActions finalize nodejieba@2.2.4
121 silly runTopLevelLifecycles Starting
122 silly executeActions Starting
123 silly install executeActions
124 silly doSerial global-install 0
125 silly doParallel fetch 2
126 verbose correctMkdir C:\Users\周炜\AppData\Roaming\npm-cache\_locks correctMkdir not in flight; initializing
127 verbose lock using C:\Users\周炜\AppData\Roaming\npm-cache\_locks\staging-b2e97751fd4d838c.lock for D:\WEIZHOU_QTECH\Projects\2015气象台\manual\node_modules\.staging
128 silly doParallel extract 2
129 silly extract nan@2.3.5
130 silly extract nodejieba@2.2.4
131 verbose unbuild node_modules\.staging\nan-85c2030b
132 verbose unbuild node_modules\.staging\nodejieba-fc2358f5
133 silly gentlyRm D:\WEIZHOU_QTECH\Projects\2015气象台\manual\node_modules\.staging\nan-85c2030b is being purged from base D:\WEIZHOU_QTECH\Projects\2015气象台\manual
134 verbose gentlyRm don't care about contents; nuking D:\WEIZHOU_QTECH\Projects\2015气象台\manual\node_modules\.staging\nan-85c2030b
135 silly gentlyRm D:\WEIZHOU_QTECH\Projects\2015气象台\manual\node_modules\.staging\nodejieba-fc2358f5 is being purged from base D:\WEIZHOU_QTECH\Projects\2015气象台\manual
136 verbose gentlyRm don't care about contents; nuking D:\WEIZHOU_QTECH\Projects\2015气象台\manual\node_modules\.staging\nodejieba-fc2358f5
137 verbose tar unpack C:\Users\周炜\AppData\Roaming\npm-cache\nan\2.3.5\package.tgz
138 verbose tar unpacking to D:\WEIZHOU_QTECH\Projects\2015气象台\manual\node_modules\.staging\nan-85c2030b
139 silly gentlyRm D:\WEIZHOU_QTECH\Projects\2015气象台\manual\node_modules\.staging\nan-85c2030b is being purged
140 verbose gentlyRm don't care about contents; nuking D:\WEIZHOU_QTECH\Projects\2015气象台\manual\node_modules\.staging\nan-85c2030b
141 verbose tar unpack C:\Users\周炜\AppData\Roaming\npm-cache\nodejieba\2.2.4\package.tgz
142 verbose tar unpacking to D:\WEIZHOU_QTECH\Projects\2015气象台\manual\node_modules\.staging\nodejieba-fc2358f5
143 silly gentlyRm D:\WEIZHOU_QTECH\Projects\2015气象台\manual\node_modules\.staging\nodejieba-fc2358f5 is being purged
144 verbose gentlyRm don't care about contents; nuking D:\WEIZHOU_QTECH\Projects\2015气象台\manual\node_modules\.staging\nodejieba-fc2358f5
145 silly gunzTarPerm modes [ '777', '666' ]
146 silly gunzTarPerm modes [ '777', '666' ]
147 silly gunzTarPerm extractEntry package.json
148 silly gunzTarPerm modified mode [ 'package.json', 436, 438 ]
149 silly gunzTarPerm extractEntry package.json
150 silly gunzTarPerm modified mode [ 'package.json', 420, 438 ]
151 silly gunzTarPerm extractEntry README.md
152 silly gunzTarPerm modified mode [ 'README.md', 436, 438 ]
153 silly gunzTarPerm extractEntry include_dirs.js
154 silly gunzTarPerm modified mode [ 'include_dirs.js', 436, 438 ]
155 silly gunzTarPerm extractEntry .npmignore
156 silly gunzTarPerm modified mode [ '.npmignore', 420, 438 ]
157 silly gunzTarPerm extractEntry README.md
158 silly gunzTarPerm modified mode [ 'README.md', 420, 438 ]
159 silly gunzTarPerm extractEntry index.js
160 silly gunzTarPerm modified mode [ 'index.js', 420, 438 ]
161 silly gunzTarPerm extractEntry README_EN.md
162 silly gunzTarPerm modified mode [ 'README_EN.md', 420, 438 ]
163 silly gunzTarPerm extractEntry nan_converters.h
164 silly gunzTarPerm modified mode [ 'nan_converters.h', 436, 438 ]
165 silly gunzTarPerm extractEntry LICENSE.md
166 silly gunzTarPerm modified mode [ 'LICENSE.md', 436, 438 ]
167 silly gunzTarPerm extractEntry doc/node_misc.md
168 silly gunzTarPerm modified mode [ 'doc/node_misc.md', 436, 438 ]
169 silly gunzTarPerm extractEntry doc/asyncworker.md
170 silly gunzTarPerm modified mode [ 'doc/asyncworker.md', 436, 438 ]
171 silly gunzTarPerm extractEntry binding.gyp
172 silly gunzTarPerm modified mode [ 'binding.gyp', 420, 438 ]
173 silly gunzTarPerm extractEntry doc/callback.md
174 silly gunzTarPerm modified mode [ 'doc/callback.md', 436, 438 ]
175 silly gunzTarPerm extractEntry doc/converters.md
176 silly gunzTarPerm modified mode [ 'doc/converters.md', 436, 438 ]
177 silly gunzTarPerm extractEntry .travis.yml
178 silly gunzTarPerm modified mode [ '.travis.yml', 420, 438 ]
179 silly gunzTarPerm extractEntry deps/cppjieba/PosTagger.hpp
180 silly gunzTarPerm modified mode [ 'deps/cppjieba/PosTagger.hpp', 420, 438 ]
181 silly gunzTarPerm extractEntry doc/errors.md
182 silly gunzTarPerm modified mode [ 'doc/errors.md', 436, 438 ]
183 silly gunzTarPerm extractEntry doc/maybe_types.md
184 silly gunzTarPerm modified mode [ 'doc/maybe_types.md', 436, 438 ]
185 silly gunzTarPerm extractEntry doc/methods.md
186 silly gunzTarPerm modified mode [ 'doc/methods.md', 436, 438 ]
187 silly gunzTarPerm extractEntry doc/new.md
188 silly gunzTarPerm modified mode [ 'doc/new.md', 436, 438 ]
189 silly gunzTarPerm extractEntry deps/cppjieba/DictTrie.hpp
190 silly gunzTarPerm modified mode [ 'deps/cppjieba/DictTrie.hpp', 420, 438 ]
191 silly gunzTarPerm extractEntry deps/cppjieba/HMMModel.hpp
192 silly gunzTarPerm modified mode [ 'deps/cppjieba/HMMModel.hpp', 420, 438 ]
193 silly gunzTarPerm extractEntry doc/buffers.md
194 silly gunzTarPerm modified mode [ 'doc/buffers.md', 436, 438 ]
195 silly gunzTarPerm extractEntry doc/object_wrappers.md
196 silly gunzTarPerm modified mode [ 'doc/object_wrappers.md', 436, 438 ]
197 silly gunzTarPerm extractEntry deps/cppjieba/HMMSegment.hpp
198 silly gunzTarPerm modified mode [ 'deps/cppjieba/HMMSegment.hpp', 420, 438 ]
199 silly gunzTarPerm extractEntry deps/cppjieba/Jieba.hpp
200 silly gunzTarPerm modified mode [ 'deps/cppjieba/Jieba.hpp', 420, 438 ]
201 silly gunzTarPerm extractEntry deps/cppjieba/KeywordExtractor.hpp
202 silly gunzTarPerm modified mode [ 'deps/cppjieba/KeywordExtractor.hpp', 420, 438 ]
203 silly gunzTarPerm extractEntry deps/cppjieba/MPSegment.hpp
204 silly gunzTarPerm modified mode [ 'deps/cppjieba/MPSegment.hpp', 420, 438 ]
205 silly gunzTarPerm extractEntry doc/persistent.md
206 silly gunzTarPerm modified mode [ 'doc/persistent.md', 436, 438 ]
207 silly gunzTarPerm extractEntry doc/scopes.md
208 silly gunzTarPerm modified mode [ 'doc/scopes.md', 436, 438 ]
209 silly gunzTarPerm extractEntry deps/cppjieba/MixSegment.hpp
210 silly gunzTarPerm modified mode [ 'deps/cppjieba/MixSegment.hpp', 420, 438 ]
211 silly gunzTarPerm extractEntry deps/cppjieba/FullSegment.hpp
212 silly gunzTarPerm modified mode [ 'deps/cppjieba/FullSegment.hpp', 420, 438 ]
213 silly gunzTarPerm extractEntry doc/script.md
214 silly gunzTarPerm modified mode [ 'doc/script.md', 436, 438 ]
215 silly gunzTarPerm extractEntry doc/string_bytes.md
216 silly gunzTarPerm modified mode [ 'doc/string_bytes.md', 436, 438 ]
217 silly gunzTarPerm extractEntry doc/v8_internals.md
218 silly gunzTarPerm modified mode [ 'doc/v8_internals.md', 436, 438 ]
219 silly gunzTarPerm extractEntry doc/v8_misc.md
220 silly gunzTarPerm modified mode [ 'doc/v8_misc.md', 436, 438 ]
221 silly gunzTarPerm extractEntry deps/cppjieba/PreFilter.hpp
222 silly gunzTarPerm modified mode [ 'deps/cppjieba/PreFilter.hpp', 420, 438 ]
223 silly gunzTarPerm extractEntry deps/cppjieba/QuerySegment.hpp
224 silly gunzTarPerm modified mode [ 'deps/cppjieba/QuerySegment.hpp', 420, 438 ]
225 silly gunzTarPerm extractEntry deps/cppjieba/SegmentBase.hpp
226 silly gunzTarPerm modified mode [ 'deps/cppjieba/SegmentBase.hpp', 420, 438 ]
227 silly gunzTarPerm extractEntry deps/cppjieba/SegmentTagged.hpp
228 silly gunzTarPerm modified mode [ 'deps/cppjieba/SegmentTagged.hpp', 420, 438 ]
229 silly gunzTarPerm extractEntry nan.h
230 silly gunzTarPerm modified mode [ 'nan.h', 436, 438 ]
231 silly gunzTarPerm extractEntry nan_callbacks.h
232 silly gunzTarPerm modified mode [ 'nan_callbacks.h', 436, 438 ]
233 silly gunzTarPerm extractEntry nan_callbacks_12_inl.h
234 silly gunzTarPerm modified mode [ 'nan_callbacks_12_inl.h', 436, 438 ]
235 silly gunzTarPerm extractEntry nan_callbacks_pre_12_inl.h
236 silly gunzTarPerm modified mode [ 'nan_callbacks_pre_12_inl.h', 436, 438 ]
237 silly gunzTarPerm extractEntry nan_converters_43_inl.h
238 silly gunzTarPerm modified mode [ 'nan_converters_43_inl.h', 436, 438 ]
239 silly gunzTarPerm extractEntry nan_converters_pre_43_inl.h
240 silly gunzTarPerm modified mode [ 'nan_converters_pre_43_inl.h', 436, 438 ]
241 silly gunzTarPerm extractEntry nan_implementation_12_inl.h
242 silly gunzTarPerm modified mode [ 'nan_implementation_12_inl.h', 436, 438 ]
243 silly gunzTarPerm extractEntry nan_implementation_pre_12_inl.h
244 silly gunzTarPerm modified mode [ 'nan_implementation_pre_12_inl.h', 436, 438 ]
245 silly gunzTarPerm extractEntry nan_maybe_43_inl.h
246 silly gunzTarPerm modified mode [ 'nan_maybe_43_inl.h', 436, 438 ]
247 silly gunzTarPerm extractEntry nan_maybe_pre_43_inl.h
248 silly gunzTarPerm modified mode [ 'nan_maybe_pre_43_inl.h', 436, 438 ]
249 silly gunzTarPerm extractEntry nan_new.h
250 silly gunzTarPerm modified mode [ 'nan_new.h', 436, 438 ]
251 silly gunzTarPerm extractEntry nan_object_wrap.h
252 silly gunzTarPerm modified mode [ 'nan_object_wrap.h', 436, 438 ]
253 silly gunzTarPerm extractEntry nan_persistent_12_inl.h
254 silly gunzTarPerm modified mode [ 'nan_persistent_12_inl.h', 436, 438 ]
255 silly gunzTarPerm extractEntry nan_persistent_pre_12_inl.h
256 silly gunzTarPerm modified mode [ 'nan_persistent_pre_12_inl.h', 436, 438 ]
257 silly gunzTarPerm extractEntry nan_string_bytes.h
258 silly gunzTarPerm modified mode [ 'nan_string_bytes.h', 436, 438 ]
259 silly gunzTarPerm extractEntry nan_typedarray_contents.h
260 silly gunzTarPerm modified mode [ 'nan_typedarray_contents.h', 436, 438 ]
261 silly gunzTarPerm extractEntry nan_weak.h
262 silly gunzTarPerm modified mode [ 'nan_weak.h', 436, 438 ]
263 silly gunzTarPerm extractEntry CHANGELOG.md
264 silly gunzTarPerm modified mode [ 'CHANGELOG.md', 436, 438 ]
265 silly gunzTarPerm extractEntry tools/package.json
266 silly gunzTarPerm modified mode [ 'tools/package.json', 436, 438 ]
267 silly gunzTarPerm extractEntry tools/README.md
268 silly gunzTarPerm modified mode [ 'tools/README.md', 436, 438 ]
269 silly gunzTarPerm extractEntry tools/1to2.js
270 silly gunzTarPerm modified mode [ 'tools/1to2.js', 509, 511 ]
271 silly gunzTarPerm extractEntry deps/cppjieba/TextRankExtractor.hpp
272 silly gunzTarPerm modified mode [ 'deps/cppjieba/TextRankExtractor.hpp', 420, 438 ]
273 silly gunzTarPerm extractEntry deps/cppjieba/Trie.hpp
274 silly gunzTarPerm modified mode [ 'deps/cppjieba/Trie.hpp', 420, 438 ]
275 silly gunzTarPerm extractEntry deps/cppjieba/Unicode.hpp
276 silly gunzTarPerm modified mode [ 'deps/cppjieba/Unicode.hpp', 420, 438 ]
277 silly gunzTarPerm extractEntry deps/limonp/ForcePublic.hpp
278 silly gunzTarPerm modified mode [ 'deps/limonp/ForcePublic.hpp', 420, 438 ]
279 silly gunzTarPerm extractEntry deps/limonp/ArgvContext.hpp
280 silly gunzTarPerm modified mode [ 'deps/limonp/ArgvContext.hpp', 420, 438 ]
281 silly gunzTarPerm extractEntry deps/limonp/BoundedBlockingQueue.hpp
282 silly gunzTarPerm modified mode [ 'deps/limonp/BoundedBlockingQueue.hpp', 420, 438 ]
283 silly gunzTarPerm extractEntry deps/limonp/BoundedQueue.hpp
284 silly gunzTarPerm modified mode [ 'deps/limonp/BoundedQueue.hpp', 420, 438 ]
285 silly gunzTarPerm extractEntry deps/limonp/Closure.hpp
286 silly gunzTarPerm modified mode [ 'deps/limonp/Closure.hpp', 420, 438 ]
287 silly gunzTarPerm extractEntry deps/limonp/Colors.hpp
288 silly gunzTarPerm modified mode [ 'deps/limonp/Colors.hpp', 420, 438 ]
289 silly gunzTarPerm extractEntry deps/limonp/Condition.hpp
290 silly gunzTarPerm modified mode [ 'deps/limonp/Condition.hpp', 420, 438 ]
291 silly gunzTarPerm extractEntry deps/limonp/Config.hpp
292 silly gunzTarPerm modified mode [ 'deps/limonp/Config.hpp', 420, 438 ]
293 silly gunzTarPerm extractEntry deps/limonp/FileLock.hpp
294 silly gunzTarPerm modified mode [ 'deps/limonp/FileLock.hpp', 420, 438 ]
295 silly gunzTarPerm extractEntry deps/limonp/BlockingQueue.hpp
296 silly gunzTarPerm modified mode [ 'deps/limonp/BlockingQueue.hpp', 420, 438 ]
297 silly gunzTarPerm extractEntry deps/limonp/LocalVector.hpp
298 silly gunzTarPerm modified mode [ 'deps/limonp/LocalVector.hpp', 420, 438 ]
299 silly gunzTarPerm extractEntry deps/limonp/Logging.hpp
300 silly gunzTarPerm modified mode [ 'deps/limonp/Logging.hpp', 420, 438 ]
301 silly gunzTarPerm extractEntry deps/limonp/Md5.hpp
302 silly gunzTarPerm modified mode [ 'deps/limonp/Md5.hpp', 420, 438 ]
303 silly gunzTarPerm extractEntry deps/limonp/MutexLock.hpp
304 silly gunzTarPerm modified mode [ 'deps/limonp/MutexLock.hpp', 420, 438 ]
305 silly gunzTarPerm extractEntry deps/limonp/NonCopyable.hpp
306 silly gunzTarPerm modified mode [ 'deps/limonp/NonCopyable.hpp', 420, 438 ]
307 silly gunzTarPerm extractEntry deps/limonp/StdExtension.hpp
308 silly gunzTarPerm modified mode [ 'deps/limonp/StdExtension.hpp', 420, 438 ]
309 silly gunzTarPerm extractEntry deps/limonp/StringUtil.hpp
310 silly gunzTarPerm modified mode [ 'deps/limonp/StringUtil.hpp', 420, 438 ]
311 silly gunzTarPerm extractEntry deps/limonp/Thread.hpp
312 silly gunzTarPerm modified mode [ 'deps/limonp/Thread.hpp', 420, 438 ]
313 silly gunzTarPerm extractEntry deps/limonp/ThreadPool.hpp
314 silly gunzTarPerm modified mode [ 'deps/limonp/ThreadPool.hpp', 420, 438 ]
315 silly gunzTarPerm extractEntry dict/hmm_model.utf8
316 silly gunzTarPerm modified mode [ 'dict/hmm_model.utf8', 420, 438 ]
317 silly gunzTarPerm extractEntry dict/idf.utf8
318 silly gunzTarPerm modified mode [ 'dict/idf.utf8', 420, 438 ]
319 silly gentlyRm D:\WEIZHOU_QTECH\Projects\2015气象台\manual\node_modules\.staging\nan-85c2030b\node_modules is being purged
320 verbose gentlyRm don't care about contents; nuking D:\WEIZHOU_QTECH\Projects\2015气象台\manual\node_modules\.staging\nan-85c2030b\node_modules
321 silly gunzTarPerm extractEntry dict/jieba.dict.utf8
322 silly gunzTarPerm modified mode [ 'dict/jieba.dict.utf8', 420, 438 ]
323 silly gunzTarPerm extractEntry dict/stop_words.utf8
324 silly gunzTarPerm modified mode [ 'dict/stop_words.utf8', 420, 438 ]
325 silly gunzTarPerm extractEntry dict/user.dict.utf8
326 silly gunzTarPerm modified mode [ 'dict/user.dict.utf8', 420, 438 ]
327 silly gunzTarPerm extractEntry ChangeLog.md
328 silly gunzTarPerm modified mode [ 'ChangeLog.md', 420, 438 ]
329 silly gunzTarPerm extractEntry lib/index.cpp
330 silly gunzTarPerm modified mode [ 'lib/index.cpp', 420, 438 ]
331 silly gunzTarPerm extractEntry lib/nodejieba.cpp
332 silly gunzTarPerm modified mode [ 'lib/nodejieba.cpp', 420, 438 ]
333 silly gunzTarPerm extractEntry lib/nodejieba.h
334 silly gunzTarPerm modified mode [ 'lib/nodejieba.h', 420, 438 ]
335 silly gunzTarPerm extractEntry lib/utils.h
336 silly gunzTarPerm modified mode [ 'lib/utils.h', 420, 438 ]
337 silly gunzTarPerm extractEntry test/demo.js
338 silly gunzTarPerm modified mode [ 'test/demo.js', 420, 438 ]
339 silly gunzTarPerm extractEntry test/load_dict_demo.js
340 silly gunzTarPerm modified mode [ 'test/load_dict_demo.js', 420, 438 ]
341 silly gunzTarPerm extractEntry test/load_dict_test.js
342 silly gunzTarPerm modified mode [ 'test/load_dict_test.js', 420, 438 ]
343 silly gunzTarPerm extractEntry test/test.js
344 silly gunzTarPerm modified mode [ 'test/test.js', 420, 438 ]
345 silly gunzTarPerm extractEntry test/testdata/userdict.utf8
346 silly gunzTarPerm modified mode [ 'test/testdata/userdict.utf8', 420, 438 ]
347 silly gentlyRm D:\WEIZHOU_QTECH\Projects\2015气象台\manual\node_modules\.staging\nodejieba-fc2358f5\node_modules is being purged
348 verbose gentlyRm don't care about contents; nuking D:\WEIZHOU_QTECH\Projects\2015气象台\manual\node_modules\.staging\nodejieba-fc2358f5\node_modules
349 silly doParallel preinstall 2
350 silly preinstall nan@2.3.5 D:\WEIZHOU_QTECH\Projects\2015气象台\manual\node_modules\.staging\nan-85c2030b
351 info lifecycle nan@2.3.5~preinstall: nan@2.3.5
352 silly preinstall nodejieba@2.2.4 D:\WEIZHOU_QTECH\Projects\2015气象台\manual\node_modules\.staging\nodejieba-fc2358f5
353 info lifecycle nodejieba@2.2.4~preinstall: nodejieba@2.2.4
354 silly lifecycle nan@2.3.5~preinstall: no script for preinstall, continuing
355 silly lifecycle nodejieba@2.2.4~preinstall: no script for preinstall, continuing
356 silly doReverseSerial remove 0
357 silly doSerial move 0
358 silly doSerial finalize 2
359 silly finalize D:\WEIZHOU_QTECH\Projects\2015气象台\manual\node_modules\nan
360 silly finalize D:\WEIZHOU_QTECH\Projects\2015气象台\manual\node_modules\nodejieba
361 silly doSerial build 2
362 silly build nan@2.3.5
363 info linkStuff nan@2.3.5
364 silly linkStuff nan@2.3.5 has D:\WEIZHOU_QTECH\Projects\2015气象台\manual\node_modules as its parent node_modules
365 verbose linkBins nan@2.3.5
366 verbose linkMans nan@2.3.5
367 silly build nodejieba@2.2.4
368 info linkStuff nodejieba@2.2.4
369 silly linkStuff nodejieba@2.2.4 has D:\WEIZHOU_QTECH\Projects\2015气象台\manual\node_modules as its parent node_modules
370 verbose linkBins nodejieba@2.2.4
371 verbose linkMans nodejieba@2.2.4
372 silly doSerial global-link 0
373 silly doParallel update-linked 0
374 silly doSerial install 2
375 silly install nan@2.3.5 D:\WEIZHOU_QTECH\Projects\2015气象台\manual\node_modules\.staging\nan-85c2030b
376 info lifecycle nan@2.3.5~install: nan@2.3.5
377 silly lifecycle nan@2.3.5~install: no script for install, continuing
378 silly install nodejieba@2.2.4 D:\WEIZHOU_QTECH\Projects\2015气象台\manual\node_modules\.staging\nodejieba-fc2358f5
379 info lifecycle nodejieba@2.2.4~install: nodejieba@2.2.4
380 verbose lifecycle nodejieba@2.2.4~install: unsafe-perm in lifecycle true
381 verbose lifecycle nodejieba@2.2.4~install: PATH: D:\JSWORK\nodejs\node_modules\npm\bin\node-gyp-bin;D:\WEIZHOU_QTECH\Projects\2015气象台\manual\node_modules\nodejieba\node_modules\.bin;D:\WEIZHOU_QTECH\Projects\2015气象台\manual\node_modules\.bin;D:\PythonWork\Python35\;D:\PythonWork\Python35\Scripts;C:\Program Files (x86)\Common Files\NetSarang;C:\Program Files (x86)\MiKTeX 2.7\miktex\bin;C:\WINDOWS\system32;C:\WINDOWS;C:\WINDOWS\System32\Wbem;C:\WINDOWS\System32\WindowsPowerShell\v1.0\;C:\Program Files\Intel\WiFi\bin\;C:\Program Files\Common Files\Intel\WirelessCommon\;C:\Program Files (x86)\Calibre2\;D:\JavaWork\jdk1.8.0_51\bin;C:\Program Files (x86)\Rational\common;D:\JavaWork\hadoop-2.6.2\bin;C:\Program Files\Git\mingw64\bin;C:\Program Files (x86)\Pandoc\;D:\JavaWork\apache-maven-3.3.9\bin\mvn;C:\Program Files (x86)\Windows Kits\8.1\Windows Performance Toolkit\;C:\Program Files (x86)\MSBuild\14.0\Bin;D:\jswork\nodejs\;C:\Program Files\Intel\WiFi\bin\;C:\Program Files\Common Files\Intel\WirelessCommon\;C:\Users\周炜\AppData\Local\atom\bin;C:\Users\周炜\AppData\Local\Microsoft\WindowsApps;C:\Users\周炜\AppData\Roaming\npm
382 verbose lifecycle nodejieba@2.2.4~install: CWD: D:\WEIZHOU_QTECH\Projects\2015气象台\manual\node_modules\nodejieba
383 silly lifecycle nodejieba@2.2.4~install: Args: [ '/d /s /c', 'node-gyp rebuild' ]
384 silly lifecycle nodejieba@2.2.4~install: Returned: code: 1  signal: null
385 info lifecycle nodejieba@2.2.4~install: Failed to exec install script
386 verbose unlock done using C:\Users\周炜\AppData\Roaming\npm-cache\_locks\staging-b2e97751fd4d838c.lock for D:\WEIZHOU_QTECH\Projects\2015气象台\manual\node_modules\.staging
387 silly rollbackFailedOptional Starting
388 silly rollbackFailedOptional Finishing
389 silly runTopLevelLifecycles Finishing
390 silly install printInstalled
391 warn enoent ENOENT: no such file or directory, open 'D:\WEIZHOU_QTECH\Projects\2015气象台\manual\package.json'
392 verbose enoent ENOENT: no such file or directory, open 'D:\WEIZHOU_QTECH\Projects\2015气象台\manual\package.json'
392 verbose enoent This is most likely not a problem with npm itself
392 verbose enoent and is related to npm not being able to find a file.
393 warn manual No description
394 verbose If you need help, you may report this error at:
394 verbose     <https://github.com/npm/npm/issues>
395 warn manual No repository field.
396 verbose If you need help, you may report this error at:
396 verbose     <https://github.com/npm/npm/issues>
397 warn manual No README data
398 verbose If you need help, you may report this error at:
398 verbose     <https://github.com/npm/npm/issues>
399 warn manual No license field.
400 verbose If you need help, you may report this error at:
400 verbose     <https://github.com/npm/npm/issues>
401 verbose stack Error: nodejieba@2.2.4 install: `node-gyp rebuild`
401 verbose stack Exit status 1
401 verbose stack     at EventEmitter.<anonymous> (D:\JSWORK\nodejs\node_modules\npm\lib\utils\lifecycle.js:255:16)
401 verbose stack     at emitTwo (events.js:106:13)
401 verbose stack     at EventEmitter.emit (events.js:191:7)
401 verbose stack     at ChildProcess.<anonymous> (D:\JSWORK\nodejs\node_modules\npm\lib\utils\spawn.js:40:14)
401 verbose stack     at emitTwo (events.js:106:13)
401 verbose stack     at ChildProcess.emit (events.js:191:7)
401 verbose stack     at maybeClose (internal/child_process.js:877:16)
401 verbose stack     at Process.ChildProcess._handle.onexit (internal/child_process.js:226:5)
402 verbose pkgid nodejieba@2.2.4
403 verbose cwd D:\WEIZHOU_QTECH\Projects\2015气象台\manual
404 error Windows_NT 10.0.14393
405 error argv "D:\\JSWORK\\nodejs\\node.exe" "D:\\JSWORK\\nodejs\\node_modules\\npm\\bin\\npm-cli.js" "--registry=http://r.cnpmjs.org" "install" "nodejieba"
406 error node v6.9.2
407 error npm  v3.10.9
408 error code ELIFECYCLE
409 error nodejieba@2.2.4 install: `node-gyp rebuild`
409 error Exit status 1
410 error Failed at the nodejieba@2.2.4 install script 'node-gyp rebuild'.
410 error Make sure you have the latest version of node.js and npm installed.
410 error If you do, this is most likely a problem with the nodejieba package,
410 error not with npm itself.
410 error Tell the author that this fails on your system:
410 error     node-gyp rebuild
410 error You can get information on how to open an issue for this project with:
410 error     npm bugs nodejieba
410 error Or if that isn't available, you can get their info via:
410 error     npm owner ls nodejieba
410 error There is likely additional logging output above.
411 verbose exit [ 1, true ]
